TN:
SF:src\functions\submitFeedbackFunction.ts
FN:15,execute
FN:11,SubmitFeedbackFunction
FNF:2
FNH:2
FNDA:4,execute
FNDA:1,SubmitFeedbackFunction
DA:1,1
DA:2,1
DA:3,1
DA:4,1
DA:5,1
DA:6,1
DA:7,1
DA:8,1
DA:9,1
DA:10,1
DA:11,1
DA:12,1
DA:13,1
DA:14,1
DA:15,1
DA:16,4
DA:17,2
DA:18,2
DA:19,4
DA:20,1
DA:21,1
DA:22,1
DA:23,1
DA:24,1
DA:25,0
DA:26,0
DA:27,0
DA:28,0
DA:29,0
DA:30,0
DA:31,0
DA:32,0
DA:33,0
DA:34,0
DA:35,0
DA:36,1
LF:36
LH:25
BRDA:15,0,0,4
BRDA:16,1,0,2
BRDA:19,2,0,1
BRDA:25,3,0,0
BRDA:11,4,0,1
BRF:5
BRH:4
end_of_record
